[2017-11-22 21:04] [ALPM] installed linux-api-headers (4.12.7-1)
[2017-11-22 21:04] [ALPM] installed tzdata (2017c-1)
[2017-11-22 21:04] [ALPM] installed iana-etc (20170824-1)
[2017-11-22 21:04] [ALPM] installed filesystem (2017.03-2)
[2017-11-22 21:04] [ALPM] installed glibc (2.26-6)
[2017-11-22 21:04] [ALPM] installed gcc-libs (7.2.0-3)
[2017-11-22 21:04] [ALPM] installed ncurses (6.0+20170902-3)
[2017-11-22 21:04] [ALPM] installed readline (7.0.003-1)
[2017-11-22 21:04] [ALPM] installed bash (4.4.012-2)
[2017-11-22 21:04] [ALPM] installed bzip2 (1.0.6-6)
[2017-11-22 21:04] [ALPM] installed attr (2.4.47-3)
[2017-11-22 21:04] [ALPM] installed acl (2.2.52-4)
[2017-11-22 21:04] [ALPM] installed gmp (6.1.2-1)
[2017-11-22 21:04] [ALPM] installed libcap (2.25-1)
[2017-11-22 21:04] [ALPM] installed gdbm (1.13-1)
[2017-11-22 21:04] [ALPM] installed db (5.3.28-3)
[2017-11-22 21:04] [ALPM] installed perl (5.26.1-1)
[2017-11-22 21:04] [ALPM] installed openssl (1.1.0.g-1)
[2017-11-22 21:04] [ALPM] installed coreutils (8.28-1)
[2017-11-22 21:04] [ALPM] installed libgpg-error (1.27-1)
[2017-11-22 21:04] [ALPM] installed libgcrypt (1.8.1-1)
[2017-11-22 21:04] [ALPM] installed lz4 (1:1.8.0-1)
[2017-11-22 21:04] [ALPM] installed xz (5.2.3-1)
[2017-11-22 21:04] [ALPM] installed libsystemd (235.38-2)
[2017-11-22 21:04] [ALPM] installed device-mapper (2.02.176-1)
[2017-11-22 21:04] [ALPM] installed popt (1.16-9)
[2017-11-22 21:04] [ALPM] installed libutil-linux (2.31-1)
[2017-11-22 21:04] [ALPM] installed cryptsetup (1.7.5-2)
[2017-11-22 21:04] [ALPM] installed expat (2.2.4-1)
[2017-11-22 21:04] [ALPM] installed dbus (1.12.2-1)
[2017-11-22 21:04] [ALPM] installed libmnl (1.0.4-1)
[2017-11-22 21:04] [ALPM] installed libnftnl (1.0.7-1)
[2017-11-22 21:04] [ALPM] installed libnl (3.4.0-1)
[2017-11-22 21:04] [ALPM] installed libusb (1.0.21-2)
[2017-11-22 21:04] [ALPM] installed libpcap (1.8.1-2)
[2017-11-22 21:04] [ALPM] installed iptables (1.6.1-1)
[2017-11-22 21:04] [ALPM] installed zlib (1:1.2.11-2)
[2017-11-22 21:04] [ALPM] installed cracklib (2.9.6-1)
[2017-11-22 21:04] [ALPM] installed e2fsprogs (1.43.7-1)
[2017-11-22 21:04] [ALPM] installed libsasl (2.1.26-11)
[2017-11-22 21:04] [ALPM] installed libldap (2.4.45-4)
[2017-11-22 21:04] [ALPM] installed keyutils (1.5.10-1)
[2017-11-22 21:04] [ALPM] installed krb5 (1.15.2-1)
[2017-11-22 21:04] [ALPM] installed libtirpc (1.0.2-1)
[2017-11-22 21:04] [ALPM] installed pambase (20171006-1)
[2017-11-22 21:04] [ALPM] installed pam (1.3.0-1)
[2017-11-22 21:04] [ALPM] installed kbd (2.0.4-1)
[2017-11-22 21:04] [ALPM] installed kmod (24-1)
[2017-11-22 21:04] [ALPM] installed hwids (20170715-1)
[2017-11-22 21:04] [ALPM] installed libidn (1.33-2)
[2017-11-22 21:04] [ALPM] installed libelf (0.170-1)
[2017-11-22 21:04] [ALPM] installed libseccomp (2.3.2-1)
[2017-11-22 21:04] [ALPM] installed shadow (4.5-2)
[2017-11-22 21:04] [ALPM] installed libcap-ng (0.7.8-1)
[2017-11-22 21:04] [ALPM] installed util-linux (2.31-1)
[2017-11-22 21:04] [ALPM] installed systemd (235.38-2)
[2017-11-22 21:04] [ALPM] installed dhcpcd (6.11.5-1)
[2017-11-22 21:04] [ALPM] installed diffutils (3.6-1)
[2017-11-22 21:04] [ALPM] installed file (5.32-1)
[2017-11-22 21:04] [ALPM] installed findutils (4.6.0-2)
[2017-11-22 21:04] [ALPM] installed mpfr (3.1.5.p2-1)
[2017-11-22 21:04] [ALPM] installed gawk (4.1.4-2)
[2017-11-22 21:04] [ALPM] installed pcre (8.41-1)
[2017-11-22 21:04] [ALPM] installed libffi (3.2.1-2)
[2017-11-22 21:04] [ALPM] installed glib2 (2.54.2-2)
[2017-11-22 21:04] [ALPM] installed libunistring (0.9.7-1)
[2017-11-22 21:04] [ALPM] installed gettext (0.19.8.1-2)
[2017-11-22 21:04] [ALPM] installed grep (3.1-1)
[2017-11-22 21:04] [ALPM] installed less (487-1)
[2017-11-22 21:04] [ALPM] installed gzip (1.8-2)
[2017-11-22 21:04] [ALPM] installed inetutils (1.9.4-5)
[2017-11-22 21:04] [ALPM] installed iproute2 (4.14.1-2)
[2017-11-22 21:04] [ALPM] installed sysfsutils (2.1.0-9)
[2017-11-22 21:04] [ALPM] installed iputils (20161105.1f2bb12-2)
[2017-11-22 21:04] [ALPM] installed jfsutils (1.1.15-4)
[2017-11-22 21:04] [ALPM] installed licenses (20171006-1)
[2017-11-22 21:04] [ALPM] installed linux-firmware (20171009.bf04291-1)
[2017-11-22 21:04] [ALPM] installed mkinitcpio-busybox (1.27.2-1)
[2017-11-22 21:04] [ALPM] installed libarchive (3.3.2-1)
[2017-11-22 21:04] [ALPM] installed mkinitcpio (24-2)
[2017-11-22 21:04] [ALPM] installed linux (4.13.12-1)
[2017-11-22 21:04] [ALPM] installed logrotate (3.12.3-1)
[2017-11-22 21:04] [ALPM] installed libaio (0.3.110-1)
[2017-11-22 21:04] [ALPM] installed thin-provisioning-tools (0.7.5-1)
[2017-11-22 21:04] [ALPM] installed lvm2 (2.02.176-1)
[2017-11-22 21:04] [ALPM] installed groff (1.22.3-7)
[2017-11-22 21:04] [ALPM] installed libpipeline (1.5.0-1)
[2017-11-22 21:04] [ALPM] installed man-db (2.7.6.1-2)
[2017-11-22 21:04] [ALPM] installed man-pages (4.13-1)
[2017-11-22 21:04] [ALPM] installed mdadm (4.0-1)
[2017-11-22 21:04] [ALPM] installed nano (2.9.0-1)
[2017-11-22 21:04] [ALPM] installed openresolv (3.9.0-1)
[2017-11-22 21:04] [ALPM] installed netctl (1.14-1)
[2017-11-22 21:04] [ALPM] installed libtasn1 (4.12-2)
[2017-11-22 21:04] [ALPM] installed p11-kit (0.23.9-1)
[2017-11-22 21:04] [ALPM] installed ca-certificates-utils (20170307-1)
[2017-11-22 21:04] [ALPM] installed ca-certificates-mozilla (3.34-1)
[2017-11-22 21:04] [ALPM] installed ca-certificates-cacert (20140824-4)
[2017-11-22 21:04] [ALPM] installed ca-certificates (20170307-1)
[2017-11-22 21:04] [ALPM] installed libssh2 (1.8.0-2)
[2017-11-22 21:04] [ALPM] installed libidn2 (2.0.4-2)
[2017-11-22 21:04] [ALPM] installed libpsl (0.18.0-2)
[2017-11-22 21:04] [ALPM] installed libnghttp2 (1.27.0-1)
[2017-11-22 21:04] [ALPM] installed curl (7.56.1-1)
[2017-11-22 21:04] [ALPM] installed npth (1.5-1)
[2017-11-22 21:04] [ALPM] installed libksba (1.3.5-1)
[2017-11-22 21:04] [ALPM] installed libassuan (2.4.3-1)
[2017-11-22 21:04] [ALPM] installed libsecret (0.18.5+14+g9980655-1)
[2017-11-22 21:04] [ALPM] installed pinentry (1.0.0-1)
[2017-11-22 21:04] [ALPM] installed nettle (3.4-1)
[2017-11-22 21:04] [ALPM] installed gnutls (3.5.16-1)
[2017-11-22 21:04] [ALPM] installed sqlite (3.21.0-1)
[2017-11-22 21:04] [ALPM] installed gnupg (2.2.2-1)
[2017-11-22 21:04] [ALPM] installed gpgme (1.9.0-3)
[2017-11-22 21:04] [ALPM] installed pacman-mirrorlist (20171027-1)
[2017-11-22 21:04] [ALPM] installed archlinux-keyring (20171020-1)
[2017-11-22 21:04] [ALPM] installed pacman (5.0.2-2)
[2017-11-22 21:04] [ALPM] installed pciutils (3.5.5-1)
[2017-11-22 21:04] [ALPM] installed pcmciautils (018-7)
[2017-11-22 21:04] [ALPM] installed procps-ng (3.3.12-1)
[2017-11-22 21:04] [ALPM] installed psmisc (23.1-1)
[2017-11-22 21:04] [ALPM] installed reiserfsprogs (3.6.25-1)
[2017-11-22 21:04] [ALPM] installed s-nail (14.9.5-1)
[2017-11-22 21:04] [ALPM] installed sed (4.4-1)
[2017-11-22 21:04] [ALPM] installed systemd-sysvcompat (235.38-2)
[2017-11-22 21:04] [ALPM] installed tar (1.29-2)
[2017-11-22 21:04] [ALPM] installed texinfo (6.5-1)
[2017-11-22 21:04] [ALPM] installed usbutils (008-1)
[2017-11-22 21:04] [ALPM] installed vi (1:070224-2)
[2017-11-22 21:04] [ALPM] installed which (2.21-2)
[2017-11-22 21:04] [ALPM] installed xfsprogs (4.12.0-1)
[2017-11-22 21:04] [ALPM] installed m4 (1.4.18-1)
[2017-11-22 21:04] [ALPM] installed autoconf (2.69-4)
[2017-11-22 21:04] [ALPM] installed automake (1.15.1-1)
[2017-11-22 21:04] [ALPM] installed binutils (2.29.1-1)
[2017-11-22 21:04] [ALPM] installed bison (3.0.4-3)
[2017-11-22 21:04] [ALPM] installed fakeroot (1.22-1)
[2017-11-22 21:04] [ALPM] installed flex (2.6.4-1)
[2017-11-22 21:04] [ALPM] installed libmpc (1.0.3-2)
[2017-11-22 21:04] [ALPM] installed gcc (7.2.0-3)
[2017-11-22 21:04] [ALPM] installed libtool (2.4.6+40+g6ca5e224-1)
[2017-11-22 21:04] [ALPM] installed libatomic_ops (7.4.6-1)
[2017-11-22 21:04] [ALPM] installed gc (7.6.0-1)
[2017-11-22 21:04] [ALPM] installed guile (2.2.2-1)
[2017-11-22 21:04] [ALPM] installed make (4.2.1-2)
[2017-11-22 21:04] [ALPM] installed patch (2.7.5-1)
[2017-11-22 21:04] [ALPM] installed pkg-config (0.29.2-1)
[2017-11-22 21:04] [ALPM] installed sudo (1.8.21.p2-1)
[2017-11-22 21:04] [ALPM] installed dialog (1:1.3_20170509-1)
[2017-11-22 21:04] [ALPM] installed openssl-1.0 (1.0.2.l-1)
[2017-11-22 21:04] [ALPM] installed wpa_supplicant (1:2.6-11)
[2017-11-22 21:04] [ALPM] installed intel-ucode (20171117-1)
[2017-11-22 21:04] [ALPM] installed atk (2.26.1-1)
[2017-11-22 21:04] [ALPM] installed libdatrie (0.2.10-2)
[2017-11-22 21:04] [ALPM] installed libthai (0.1.27-1)
[2017-11-22 21:04] [ALPM] installed libpng (1.6.34-2)
[2017-11-22 21:04] [ALPM] installed xcb-proto (1.12-3)
[2017-11-22 21:04] [ALPM] installed xproto (7.0.31-1)
[2017-11-22 21:04] [ALPM] installed libxdmcp (1.1.2-1)
[2017-11-22 21:04] [ALPM] installed libxau (1.0.8-2)
[2017-11-22 21:04] [ALPM] installed libxcb (1.12-1)
[2017-11-22 21:04] [ALPM] installed kbproto (1.0.7-1)
[2017-11-22 21:04] [ALPM] installed libx11 (1.6.5-1)
[2017-11-22 21:04] [ALPM] installed renderproto (0.11.1-3)
[2017-11-22 21:04] [ALPM] installed libxrender (0.9.10-1)
[2017-11-22 21:04] [ALPM] installed xextproto (7.3.0-1)
[2017-11-22 21:04] [ALPM] installed libxext (1.3.3-1)
[2017-11-22 21:04] [ALPM] installed graphite (1:1.3.10-1)
[2017-11-22 21:04] [ALPM] installed harfbuzz (1.7.1-1)
[2017-11-22 21:04] [ALPM] installed freetype2 (2.8.1-1)
[2017-11-22 21:04] [ALPM] installed fontconfig (2.12.6+5+g665584a-1)
[2017-11-22 21:04] [ALPM] installed pixman (0.34.0-1)
[2017-11-22 21:04] [ALPM] installed lzo (2.10-1)
[2017-11-22 21:04] [ALPM] installed cairo (1.15.8-2)
[2017-11-22 21:04] [ALPM] installed libxft (2.3.2-1)
[2017-11-22 21:04] [ALPM] installed pango (1.40.14-1)
[2017-11-22 21:04] [ALPM] installed fixesproto (5.0+9+g4292ec1-1)
[2017-11-22 21:04] [ALPM] installed libxfixes (5.0.3-1)
[2017-11-22 21:04] [ALPM] installed libxcursor (1.1.14-2)
[2017-11-22 21:04] [ALPM] installed xineramaproto (1.2.1-3)
[2017-11-22 21:04] [ALPM] installed libxinerama (1.1.3-2)
[2017-11-22 21:04] [ALPM] installed randrproto (1.5.0-1)
[2017-11-22 21:04] [ALPM] installed libxrandr (1.5.1-1)
[2017-11-22 21:04] [ALPM] installed inputproto (2.3.2-1)
[2017-11-22 21:04] [ALPM] installed libxi (1.7.9-1)
[2017-11-22 21:04] [ALPM] installed compositeproto (0.4.2-3)
[2017-11-22 21:04] [ALPM] installed libxcomposite (0.4.4-2)
[2017-11-22 21:04] [ALPM] installed damageproto (1.2.1-3)
[2017-11-22 21:04] [ALPM] installed libxdamage (1.1.4-2)
[2017-11-22 21:04] [ALPM] installed icu (60.1-1)
[2017-11-22 21:04] [ALPM] installed libxml2 (2.9.7+4+g72182550-2)
[2017-11-22 21:04] [ALPM] installed shared-mime-info (1.9-1)
[2017-11-22 21:04] [ALPM] installed libjpeg-turbo (1.5.2-1)
[2017-11-22 21:04] [ALPM] installed libtiff (4.0.9-1)
[2017-11-22 21:04] [ALPM] installed libdaemon (0.14-3)
[2017-11-22 21:04] [ALPM] installed avahi (0.7-1)
[2017-11-22 21:04] [ALPM] installed libcups (2.2.6-1)
[2017-11-22 21:04] [ALPM] installed jasper (2.0.14-1)
[2017-11-22 21:04] [ALPM] installed gdk-pixbuf2 (2.36.11-1)
[2017-11-22 21:04] [ALPM] installed hicolor-icon-theme (0.17-1)
[2017-11-22 21:04] [ALPM] installed gtk-update-icon-cache (3.22.26-1)
[2017-11-22 21:04] [ALPM] installed libcroco (0.6.12+4+g9ad7287-1)
[2017-11-22 21:04] [ALPM] installed librsvg (2:2.40.19-1)
[2017-11-22 21:04] [ALPM] installed desktop-file-utils (0.23-1)
[2017-11-22 21:04] [ALPM] installed gtk2 (2.24.31-1)
[2017-11-22 21:04] [ALPM] installed leafpad (0.8.18.1-7)
[2017-11-22 21:04] [ALPM] installed libepoxy (1.4.3-1)
[2017-11-22 21:04] [ALPM] installed dconf (0.26.1-1)
[2017-11-22 21:04] [ALPM] installed recordproto (1.14.2-2)
[2017-11-22 21:04] [ALPM] installed libxtst (1.2.3-1)
[2017-11-22 21:04] [ALPM] installed at-spi2-core (2.26.2-1)
[2017-11-22 21:04] [ALPM] installed at-spi2-atk (2.26.1-1)
[2017-11-22 21:04] [ALPM] installed wayland (1.14.0-1)
[2017-11-22 21:04] [ALPM] installed xkeyboard-config (2.22-1)
[2017-11-22 21:04] [ALPM] installed libxkbcommon (0.7.2-1)
[2017-11-22 21:04] [ALPM] installed adwaita-icon-theme (3.26.0-1)
[2017-11-22 21:04] [ALPM] installed json-glib (1.4.2-1)
[2017-11-22 21:04] [ALPM] installed wayland-protocols (1.11-1)
[2017-11-22 21:04] [ALPM] installed libpciaccess (0.14-1)
[2017-11-22 21:04] [ALPM] installed libdrm (2.4.88-1)
[2017-11-22 21:04] [ALPM] installed xf86vidmodeproto (2.3.1-3)
[2017-11-22 21:04] [ALPM] installed libxxf86vm (1.1.4-1)
[2017-11-22 21:04] [ALPM] installed libxshmfence (1.2-1)
[2017-11-22 21:04] [ALPM] installed libomxil-bellagio (0.9.3-1)
[2017-11-22 21:04] [ALPM] installed libtxc_dxtn (1.0.1-6)
[2017-11-22 21:04] [ALPM] installed libunwind (1.2.1-1)
[2017-11-22 21:04] [ALPM] installed libedit (20170329_3.1-1)
[2017-11-22 21:04] [ALPM] installed llvm-libs (5.0.0-1)
[2017-11-22 21:04] [ALPM] installed lm_sensors (3.4.0-2)
[2017-11-22 21:04] [ALPM] installed libglvnd (1.0.0-1)
[2017-11-22 21:04] [ALPM] installed mesa (17.2.5-1)
[2017-11-22 21:04] [ALPM] installed cantarell-fonts (1:0.0.25-3)
[2017-11-22 21:04] [ALPM] installed gtk3 (3.22.26-1)
[2017-11-22 21:04] [ALPM] installed vte-common (0.50.2-1)
[2017-11-22 21:04] [ALPM] installed pcre2 (10.30-1)
[2017-11-22 21:04] [ALPM] installed vte3-ng (0.50.2.a-1)
[2017-11-22 21:04] [ALPM] installed termite-terminfo (12-2)
[2017-11-22 21:04] [ALPM] installed termite (12-2)
[2017-11-22 21:04] [ALPM] installed libexif (0.6.21-3)
[2017-11-22 21:04] [ALPM] installed gsettings-desktop-schemas (3.24.1+3+ge869987-1)
[2017-11-22 21:04] [ALPM] installed libxkbfile (1.0.9-1)
[2017-11-22 21:04] [ALPM] installed iso-codes (3.76-1)
[2017-11-22 21:04] [ALPM] installed bubblewrap (0.2.0-1)
[2017-11-22 21:04] [ALPM] installed gnome-desktop (1:3.26.2-1)
[2017-11-22 21:04] [ALPM] installed exempi (2.4.3+2+g65a8492-1)
[2017-11-22 21:04] [ALPM] installed fuse-common (3.2.0-1)
[2017-11-22 21:04] [ALPM] installed fuse2 (2.9.7-4)
[2017-11-22 21:04] [ALPM] installed libcddb (1.3.2-4)
[2017-11-22 21:04] [ALPM] installed libcdio (0.94-2)
[2017-11-22 21:04] [ALPM] installed libcdio-paranoia (10.2+0.94+2-1)
[2017-11-22 21:04] [ALPM] installed libproxy (0.4.15-6)
[2017-11-22 21:04] [ALPM] installed glib-networking (2.54.1-1)
[2017-11-22 21:04] [ALPM] installed libsoup (2.60.2-1)
[2017-11-22 21:04] [ALPM] installed nspr (4.17-1)
[2017-11-22 21:04] [ALPM] installed js (24.2.0-4)
[2017-11-22 21:04] [ALPM] installed polkit (0.113+29+g3272a98-1)
[2017-11-22 21:04] [ALPM] installed libatasmart (0.19-3)
[2017-11-22 21:04] [ALPM] installed libgudev (232-1)
[2017-11-22 21:04] [ALPM] installed btrfs-progs (4.13-1)
[2017-11-22 21:04] [ALPM] installed dosfstools (4.1-1)
[2017-11-22 21:04] [ALPM] installed dmraid (1.0.0.rc16.3-10)
[2017-11-22 21:04] [ALPM] installed gptfdisk (1.0.3-1)
[2017-11-22 21:04] [ALPM] installed libbytesize (1.0-1)
[2017-11-22 21:04] [ALPM] installed parted (3.2-6)
[2017-11-22 21:04] [ALPM] installed nss (3.34-1)
[2017-11-22 21:04] [ALPM] installed python2 (2.7.14-1)
[2017-11-22 21:04] [ALPM] installed volume_key (0.3.9-4)
[2017-11-22 21:04] [ALPM] installed libblockdev (2.14-1)
[2017-11-22 21:04] [ALPM] installed udisks2 (2.7.4-1)
[2017-11-22 21:04] [ALPM] installed libbluray (1.0.1-1)
[2017-11-22 21:04] [ALPM] installed gcr (3.20.0+55+g470bf4c-1)
[2017-11-22 21:04] [ALPM] installed gvfs (1.34.1-1)
[2017-11-22 21:04] [ALPM] installed libstemmer (0+337-2)
[2017-11-22 21:04] [ALPM] installed libplist (2.0.0-1)
[2017-11-22 21:04] [ALPM] installed libusbmuxd (1.0.10+13+gc724e70-1)
[2017-11-22 21:04] [ALPM] installed usbmuxd (1.1.0+28+g46bdf3e-1)
[2017-11-22 21:04] [ALPM] installed libimobiledevice (1.2.0+66+g5a85432-1)
[2017-11-22 21:04] [ALPM] installed upower (0.99.6-1)
[2017-11-22 21:04] [ALPM] installed jansson (2.10-2)
[2017-11-22 21:04] [ALPM] installed libnm (1.10.0-1)
[2017-11-22 21:04] [ALPM] installed tracker (2.0.2-1)
[2017-11-22 21:04] [ALPM] installed nautilus-sendto (3.8.6-1)
[2017-11-22 21:04] [ALPM] installed gnome-autoar (0.2.2-1)
[2017-11-22 21:04] [ALPM] installed libnautilus-extension (3.26.2-1)
[2017-11-22 21:04] [ALPM] installed nautilus (3.26.2-1)
[2017-11-22 21:04] [ALPM] installed bc (1.07.1-1)
[2017-11-22 21:04] [ALPM] installed xf86dgaproto (2.1-3)
[2017-11-22 21:04] [ALPM] installed libxxf86dga (1.1.4-1)
[2017-11-22 21:04] [ALPM] installed dmxproto (2.3.1-3)
[2017-11-22 21:04] [ALPM] installed libdmx (1.1.3-1)
[2017-11-22 21:04] [ALPM] installed xorg-xdpyinfo (1.3.2-1)
[2017-11-22 21:04] [ALPM] installed xorg-xprop (1.2.2-1)
[2017-11-22 21:04] [ALPM] installed screenfetch (3.8.0-2)
[2017-11-22 21:04] [ALPM-SCRIPTLET]     are supported and installed on your system.
[2017-11-23 08:13] [ALPM] installed bash-completion (2.7-2)
[2017-11-23 08:13] [ALPM] reinstalled btrfs-progs (4.13-1)
[2017-11-23 08:13] [ALPM] reinstalled sudo (1.8.21.p2-1)
[2017-11-23 08:18] [ALPM] installed libfontenc (1.1.3-1)
[2017-11-23 08:18] [ALPM] installed fontsproto (2.1.3-2)
[2017-11-23 08:18] [ALPM] installed libxfont2 (2.0.2-1)
[2017-11-23 08:18] [ALPM] installed xorg-xkbcomp (1.4.0-1)
[2017-11-23 08:18] [ALPM] installed xorg-setxkbmap (1.3.1-1)
[2017-11-23 08:18] [ALPM] installed xorg-fonts-encodings (1.0.4-4)
[2017-11-23 08:18] [ALPM] installed xorg-fonts-alias (1.0.3-1)
[2017-11-23 08:18] [ALPM] installed xorg-bdftopcf (1.1-1)
[2017-11-23 08:18] [ALPM] installed xorg-mkfontscale (1.1.2-1)
[2017-11-23 08:18] [ALPM] installed xorg-mkfontdir (1.0.7-8)
[2017-11-23 08:18] [ALPM] installed xorg-font-util (1.3.1-1)
[2017-11-23 08:18] [ALPM] installed xorg-font-utils (7.6-4)
[2017-11-23 08:18] [ALPM] installed xorg-fonts-misc (1.0.3-5)
[2017-11-23 08:18] [ALPM] installed xorg-server-common (1.19.5-1)
[2017-11-23 08:18] [ALPM] installed mtdev (1.1.5-1)
[2017-11-23 08:18] [ALPM] installed libevdev (1.5.7-1)
[2017-11-23 08:18] [ALPM] installed libwacom (0.26-1)
[2017-11-23 08:18] [ALPM] installed libinput (1.9.2-1)
[2017-11-23 08:18] [ALPM] installed xf86-input-libinput (0.26.0-1)
[2017-11-23 08:18] [ALPM] installed xorg-server (1.19.5-1)
[2017-11-23 08:18] [ALPM] installed nvidia-utils (387.22-1)
[2017-11-23 08:18] [ALPM] installed nvidia (387.22-5)
[2017-11-23 08:18] [ALPM] installed videoproto (2.3.3-1)
[2017-11-23 08:18] [ALPM] installed libxv (1.0.11-1)
[2017-11-23 08:18] [ALPM] installed libvdpau (1.1.1+3+ga21bf7a-1)
[2017-11-23 08:18] [ALPM] installed libxnvctrl (387.22-1)
[2017-11-23 08:18] [ALPM] installed nvidia-settings (387.22-1)
[2017-11-23 08:18] [ALPM] installed xf86driproto (2.1.1-3)
[2017-11-23 08:18] [ALPM] installed glproto (1.4.17-1)
[2017-11-23 08:18] [ALPM] installed dri2proto (2.8-2)
[2017-11-23 08:18] [ALPM] installed dri3proto (1.0-1)
[2017-11-23 08:18] [ALPM] installed resourceproto (1.2.0-3)
[2017-11-23 08:18] [ALPM] installed scrnsaverproto (1.2.2-2)
[2017-11-23 08:18] [ALPM] installed presentproto (1.1-1)
[2017-11-23 08:18] [ALPM] installed xorg-util-macros (1.19.1-1)
[2017-11-23 08:18] [ALPM] installed xorg-server-devel (1.19.5-1)
[2017-11-23 08:18] [ALPM] installed opencl-nvidia (387.22-1)
[2017-11-23 08:29] [ALPM] installed libice (1.0.9-1)
[2017-11-23 08:29] [ALPM] installed libsm (1.2.2-2)
[2017-11-23 08:29] [ALPM] installed libxt (1.1.5-1)
[2017-11-23 08:29] [ALPM] installed libxmu (1.1.2-1)
[2017-11-23 08:29] [ALPM] installed xorg-xauth (1.0.10-1)
[2017-11-23 08:29] [ALPM] installed xorg-xrdb (1.1.0-2)
[2017-11-23 08:29] [ALPM] installed xorg-xmodmap (1.0.9-1)
[2017-11-23 08:29] [ALPM] installed xorg-xinit (1.3.4-4)
[2017-11-23 08:29] [ALPM] installed xorg-xrandr (1.5.0-1)
[2017-11-23 08:30] [ALPM] installed acpi (1.7-2)
[2017-11-23 08:35] [ALPM] installed yajl (2.1.0-1)
[2017-11-23 08:35] [ALPM] installed package-query (1.9-1)
[2017-11-23 08:35] [ALPM] installed yaourt (1.9-1)
[2017-11-23 08:36] [ALPM] installed expac (8-1)
[2017-11-23 08:36] [ALPM] installed perl-error (0.17025-2)
[2017-11-23 08:36] [ALPM] installed git (2.15.0-1)
[2017-11-23 08:37] [ALPM] installed cower (17-2)
[2017-11-23 08:37] [ALPM] installed pacaur (4.7.10-1)
[2017-11-23 08:39] [ALPM] installed dkms (2.4.0-2)
[2017-11-23 08:39] [ALPM] installed nvidia-dkms (387.22-5)
[2017-11-23 08:39] [ALPM] installed linux-headers (4.13.12-1)
[2017-11-23 08:45] [ALPM] installed xcb-util (0.4.0-1)
[2017-11-23 08:45] [ALPM] installed xcb-util-wm (0.4.1-1)
[2017-11-23 08:45] [ALPM] installed xcb-util-keysyms (0.4.0-1)
[2017-11-23 08:45] [ALPM] installed bspwm (0.9.3-2)
[2017-11-23 08:45] [ALPM] installed sxhkd (0.5.8-1)
[2017-11-23 08:55] [ALPM] installed libxdg-basedir (1.2.0-3)
[2017-11-23 08:55] [ALPM] installed startup-notification (0.12-5)
[2017-11-23 08:55] [ALPM] installed libxkbcommon-x11 (0.7.2-1)
[2017-11-23 08:55] [ALPM] installed xcb-util-xrm (1.2-2)
[2017-11-23 08:55] [ALPM] installed rofi (1.4.2-1)
[2017-11-23 08:59] [ALPM] installed htop (2.0.2-2)
[2017-11-23 09:02] [ALPM] installed dbus-glib (0.108-1)
[2017-11-23 09:03] [ALPM] installed firefox-beta-bin (58.0b5-1)
[2017-11-23 09:12] [ALPM] installed giflib (5.1.4-1)
[2017-11-23 09:12] [ALPM] installed libid3tag (0.15.1b-8)
[2017-11-23 09:12] [ALPM] installed imlib2 (1.4.10-1)
[2017-11-23 09:12] [ALPM] installed feh (2.22.2-1)
[2017-11-26 20:30] [ALPM] installed ndiswrapper-dkms (1.61-3)
[2017-11-26 20:39] [ALPM] installed p7zip (16.02-3)
[2017-11-26 20:47] [ALPM] installed unzip (6.0-12)
[2017-11-26 20:48] [ALPM] installed unrar (1:5.5.8-1)
[2017-11-26 20:50] [ALPM] installed cabextract (1.6-2)
[2017-11-26 20:51] [ALPM] installed boost-libs (1.65.1-2)
[2017-11-26 20:51] [ALPM] installed innoextract (1.6-1)
[2017-11-26 20:53] [ALPM] installed lib32-glibc (2.26-2)
[2017-11-26 20:53] [ALPM] installed lib32-expat (2.2.2-1)
[2017-11-26 20:53] [ALPM] installed lib32-zlib (1.2.11-1)
[2017-11-26 20:53] [ALPM] installed lib32-bzip2 (1.0.6-2)
[2017-11-26 20:53] [ALPM] installed lib32-libpng (1.6.34-1)
[2017-11-26 20:53] [ALPM] installed lib32-gcc-libs (7.2.0-3)
[2017-11-26 20:53] [ALPM] installed lib32-pcre (8.40-1)
[2017-11-26 20:53] [ALPM] installed lib32-libffi (3.2.1-1)
[2017-11-26 20:53] [ALPM] installed lib32-util-linux (2.31-1)
[2017-11-26 20:53] [ALPM] installed lib32-glib2 (2.54.2-2)
[2017-11-26 20:53] [ALPM] installed lib32-harfbuzz (1.7.1-1)
[2017-11-26 20:53] [ALPM] installed lib32-freetype2 (2.8.1-1)
[2017-11-26 20:53] [ALPM] installed lib32-fontconfig (2.12.6+5+g665584a-1)
[2017-11-26 20:53] [ALPM] installed lcms2 (2.8-2)
[2017-11-26 20:53] [ALPM] installed lib32-libjpeg-turbo (1.5.2-2)
[2017-11-26 20:53] [ALPM] installed lib32-xz (5.2.3-1)
[2017-11-26 20:53] [ALPM] installed lib32-libtiff (4.0.8-1)
[2017-11-26 20:53] [ALPM] installed lib32-lcms2 (2.8-1)
[2017-11-26 20:53] [ALPM] installed lib32-ncurses (6.0+20170902-1)
[2017-11-26 20:53] [ALPM] installed lib32-readline (7.0.003-1)
[2017-11-26 20:53] [ALPM] installed lib32-icu (60.1-1)
[2017-11-26 20:53] [ALPM] installed lib32-libxml2 (2.9.4+16+g07418011-2)
[2017-11-26 20:53] [ALPM] installed lib32-libxdmcp (1.1.2-1)
[2017-11-26 20:53] [ALPM] installed lib32-libxau (1.0.8-2)
[2017-11-26 20:53] [ALPM] installed lib32-libxcb (1.12-2)
[2017-11-26 20:53] [ALPM] installed lib32-libx11 (1.6.5-1)
[2017-11-26 20:53] [ALPM] installed lib32-libxfixes (5.0.3-1)
[2017-11-26 20:53] [ALPM] installed lib32-libxrender (0.9.10-1)
[2017-11-26 20:53] [ALPM] installed lib32-libxcursor (1.1.14-1)
[2017-11-26 20:53] [ALPM] installed lib32-libxext (1.3.3-1)
[2017-11-26 20:53] [ALPM] installed lib32-libxrandr (1.5.1-1)
[2017-11-26 20:53] [ALPM] installed lib32-libxdamage (1.1.4-2)
[2017-11-26 20:53] [ALPM] installed lib32-libxi (1.7.9-1)
[2017-11-26 20:53] [ALPM] installed lib32-attr (2.4.47-1)
[2017-11-26 20:53] [ALPM] installed lib32-acl (2.2.52-2)
[2017-11-26 20:53] [ALPM] installed lib32-gettext (0.19.8.1-1)
[2017-11-26 20:53] [ALPM] installed glu (9.0.0-4)
[2017-11-26 20:53] [ALPM] installed lib32-libpciaccess (0.14-1)
[2017-11-26 20:53] [ALPM] installed lib32-libdrm (2.4.88-1)
[2017-11-26 20:53] [ALPM] installed lib32-libxxf86vm (1.1.4-1)
[2017-11-26 20:53] [ALPM] installed lib32-libxshmfence (1.2-1)
[2017-11-26 20:53] [ALPM] installed lib32-lm_sensors (3.4.0-1)
[2017-11-26 20:53] [ALPM] installed lib32-libelf (0.170-1)
[2017-11-26 20:53] [ALPM] installed lib32-llvm-libs (5.0.0-1)
[2017-11-26 20:53] [ALPM] installed lib32-wayland (1.14.0-1)
[2017-11-26 20:53] [ALPM] installed lib32-libtxc_dxtn (1.0.1-5)
[2017-11-26 20:53] [ALPM] installed lib32-mesa (17.2.5-1)
[2017-11-26 20:53] [ALPM] installed lib32-libglvnd (1.0.0-1)
[2017-11-26 20:53] [ALPM] installed lib32-glu (9.0.0-3)
[2017-11-26 20:53] [ALPM] installed lib32-libice (1.0.9-1)
[2017-11-26 20:53] [ALPM] installed lib32-libsm (1.2.2-2)
[2017-11-26 20:53] [ALPM] installed lib32-libnl (3.4.0-1)
[2017-11-26 20:53] [ALPM] installed lib32-libgpg-error (1.27-1)
[2017-11-26 20:53] [ALPM] installed lib32-libgcrypt (1.8.1-1)
[2017-11-26 20:53] [ALPM] installed lib32-libcap (2.25-1)
[2017-11-26 20:53] [ALPM] installed lib32-systemd (235.38-1)
[2017-11-26 20:53] [ALPM] installed lib32-libusb (1.0.21-1)
[2017-11-26 20:53] [ALPM] installed lib32-libpcap (1.8.1-1)
[2017-11-26 20:53] [ALPM] installed wine (2.22-1)
[2017-11-26 20:53] [ALPM] installed dtrx (7.1-3)
[2017-11-26 22:11] [ALPM] installed broadcom-wl-dkms (6.30.223.271-15)
[2017-11-26 22:14] [ALPM] installed iw (4.9-1)
[2017-11-26 22:34] [ALPM] installed bspwm-git (1:0.9.3.r41.gf0147d3-1)
[2017-11-26 22:35] [ALPM] installed sxhkd-git (171.1857513-1)
[2017-11-26 22:40] [ALPM] reinstalled bspwm-git (1:0.9.3.r41.gf0147d3-1)
[2017-11-26 22:58] [ALPM] reinstalled sxhkd-git (171.1857513-1)
[2017-11-27 00:19] [ALPM] installed rxvt-unicode-terminfo (9.22-5)
[2017-11-27 00:19] [ALPM] installed rxvt-unicode (9.22-5)
[2017-11-27 00:25] [ALPM] installed terminus-font (4.46-1)
[2017-11-27 00:42] [ALPM] installed ttf-camingocode (1.0-1)
[2017-11-27 00:48] [ALPM] installed lxappearance (0.6.3-1)
[2017-11-27 00:54] [ALPM] installed otf-font-awesome (4.7.0-5)
[2017-11-27 00:54] [ALPM] installed ttf-font-awesome (4.7.0-5)
[2017-11-27 00:56] [ALPM] installed xcb-util-renderutil (0.3.9-1)
[2017-11-27 00:56] [ALPM] installed xcb-util-image (0.4.0-1)
[2017-11-27 00:56] [ALPM] installed tslib (1.14-1)
[2017-11-27 00:56] [ALPM] installed double-conversion (3.0.0-1)
[2017-11-27 00:56] [ALPM] installed qt5-base (5.9.3-1)
[2017-11-27 00:56] [ALPM] installed breeze-gtk (5.11.3-1)
[2017-11-27 00:59] [ALPM] installed aterm (1.0.1-6)
[2017-11-27 01:00] [ALPM] installed xorg-xlsfonts (1.0.5-1)
[2017-11-27 01:07] [ALPM] installed libxpm (3.5.12-1)
[2017-11-27 01:07] [ALPM] installed libxaw (1.0.13-1)
[2017-11-27 01:07] [ALPM] installed xorg-xfontsel (1.0.5-1)
[2017-11-27 01:17] [ALPM] installed ttf-dejavu (2.37-1)
[2017-11-27 01:17] [ALPM] installed ttf-liberation (2.00.1-7)
[2017-11-27 01:17] [ALPM] installed noto-fonts (20171025-2)
[2017-11-27 01:33] [ALPM] reinstalled termite (12-2)
[2017-11-27 01:49] [ALPM] installed xorg-xinput (1.6.2-1)
[2017-11-27 01:53] [ALPM] installed xorg-xset (1.2.3-1)
[2017-11-27 01:57] [ALPM] installed ckb-next-git (1:0.2.8.r226.g79987f8-1)
[2017-11-28 05:00] [ALPM] installed gconf (3.2.6-5)
[2017-11-28 05:00] [ALPM] installed libgnome-keyring (3.12.0-2)
[2017-11-28 05:00] [ALPM] installed libgtop (2.38.0+1+g487e584a-2)
[2017-11-28 05:00] [ALPM] installed libgksu (2.0.12-8)
[2017-11-28 05:00] [ALPM] installed gksu (2.0.2-6)
[2017-11-28 06:37] [ALPM] installed dnssec-anchors (20170711-1)
[2017-11-28 06:37] [ALPM] installed ldns (1.7.0-4)
[2017-11-28 06:37] [ALPM] installed openssh (7.6p1-1)
[2017-11-27 20:54] [ALPM] installed zsh (5.4.2-1)
[2017-11-27 21:16] [ALPM] installed python (3.6.3-1)
[2017-11-27 21:16] [ALPM] installed powerline-common (2.6-1)
[2017-11-27 21:16] [ALPM] installed python-powerline (2.6-1)
[2017-11-27 21:16] [ALPM] installed powerline (2.6-1)
[2017-11-27 21:17] [ALPM] installed powerline-fonts (2.6-1)
